error t=2017-03-20T09:21:46.943Z Cinnamon Software Rendering mode enabled
info t=2017-03-20T09:21:47.089Z Cinnamon.AppSystem.get_default() started in 145 ms
info t=2017-03-20T09:21:47.094Z loading default theme
info t=2017-03-20T09:21:47.197Z PlacesManager: Updating devices
info t=2017-03-20T09:21:47.226Z loaded at Mon Mar 20 2017 09:21:47 GMT+0000 (UTC)
info t=2017-03-20T09:21:47.273Z Installing settings for menu@cinnamon.org
info t=2017-03-20T09:21:47.273Z Settings successfully installed for menu@cinnamon.org
info t=2017-03-20T09:21:48.728Z Loaded applet menu@cinnamon.org in 1494 ms
info t=2017-03-20T09:21:48.747Z Installing settings for show-desktop@cinnamon.org
info t=2017-03-20T09:21:48.747Z Settings successfully installed for show-desktop@cinnamon.org
info t=2017-03-20T09:21:48.751Z Loaded applet show-desktop@cinnamon.org in 20 ms
info t=2017-03-20T09:21:48.767Z Installing settings for panel-launchers@cinnamon.org
info t=2017-03-20T09:21:48.768Z Settings successfully installed for panel-launchers@cinnamon.org
info t=2017-03-20T09:21:48.814Z Role locked: panellauncher
info t=2017-03-20T09:21:48.815Z Loaded applet panel-launchers@cinnamon.org in 62 ms
info t=2017-03-20T09:21:48.850Z Installing settings for window-list@cinnamon.org
info t=2017-03-20T09:21:48.850Z Settings successfully installed for window-list@cinnamon.org
info t=2017-03-20T09:21:48.854Z Loaded applet window-list@cinnamon.org in 38 ms
info t=2017-03-20T09:21:48.872Z Installing settings for notifications@cinnamon.org
info t=2017-03-20T09:21:48.872Z Settings successfully installed for notifications@cinnamon.org
info t=2017-03-20T09:21:48.875Z Role locked: notifications
info t=2017-03-20T09:21:48.904Z Loaded applet notifications@cinnamon.org in 49 ms
info t=2017-03-20T09:21:48.940Z Installing settings for user@cinnamon.org
info t=2017-03-20T09:21:48.940Z Settings successfully installed for user@cinnamon.org
info t=2017-03-20T09:21:48.962Z Loaded applet user@cinnamon.org in 57 ms
info t=2017-03-20T09:21:48.982Z Loaded applet removable-drives@cinnamon.org in 16 ms
info t=2017-03-20T09:21:49.028Z Loaded applet keyboard@cinnamon.org in 40 ms
info t=2017-03-20T09:21:49.113Z Loaded applet network@cinnamon.org in 84 ms
info t=2017-03-20T09:21:49.133Z Installing settings for sound@cinnamon.org
info t=2017-03-20T09:21:49.134Z Settings successfully installed for sound@cinnamon.org
info t=2017-03-20T09:21:49.170Z Loaded applet sound@cinnamon.org in 55 ms
info t=2017-03-20T09:21:49.180Z Installing settings for power@cinnamon.org
info t=2017-03-20T09:21:49.180Z Settings successfully installed for power@cinnamon.org
info t=2017-03-20T09:21:49.194Z Loaded applet power@cinnamon.org in 22 ms
info t=2017-03-20T09:21:49.206Z Loaded applet systray@cinnamon.org in 11 ms
info t=2017-03-20T09:21:49.221Z Installing settings for calendar@cinnamon.org
info t=2017-03-20T09:21:49.221Z Settings successfully installed for calendar@cinnamon.org
info t=2017-03-20T09:21:49.233Z Loaded applet calendar@cinnamon.org in 26 ms
info t=2017-03-20T09:21:49.248Z Loaded applet windows-quick-list@cinnamon.org in 14 ms
info t=2017-03-20T09:21:49.249Z AppletManager.init() started in 2022 ms
info t=2017-03-20T09:21:49.268Z Cinnamon took 2326 ms to start
info t=2017-03-20T09:21:50.406Z Hiding systray: network
